Start testing: Jun 28 17:50 KST
----------------------------------------------------------
1/16 Testing: 테스트 환경 확인
1/16 Test: 테스트 환경 확인
Command: "/Users/browoo/Documents/cursorVD/cursor-cpp-training/03-with-tests/build/log_analyzer_tests" "테스트 환경 확인"
Directory: /Users/browoo/Documents/cursorVD/cursor-cpp-training/03-with-tests/build
"테스트 환경 확인" start time: Jun 28 17:50 KST
Output:
----------------------------------------------------------
Filters: "테스트 환경 확인"
Randomness seeded to: 3113607420
===============================================================================
All tests passed (1 assertion in 1 test case)

<end of output>
Test time =   0.01 sec
----------------------------------------------------------
Test Passed.
"테스트 환경 확인" end time: Jun 28 17:50 KST
"테스트 환경 확인" time elapsed: 00:00:00
----------------------------------------------------------

2/16 Testing: LogFileReader 기본 기능 테스트
2/16 Test: LogFileReader 기본 기능 테스트
Command: "/Users/browoo/Documents/cursorVD/cursor-cpp-training/03-with-tests/build/log_analyzer_tests" "LogFileReader 기본 기능 테스트"
Directory: /Users/browoo/Documents/cursorVD/cursor-cpp-training/03-with-tests/build
"LogFileReader 기본 기능 테스트" start time: Jun 28 17:50 KST
Output:
----------------------------------------------------------
Filters: "LogFileReader 기본 기능 테스트"
Randomness seeded to: 4115466486
파일 검증 실패: 파일이 존재하지 않습니다: /non/existent/file.txt
파일 검증 실패: 파일 경로가 비어있습니다
===============================================================================
All tests passed (10 assertions in 1 test case)

<end of output>
Test time =   0.01 sec
----------------------------------------------------------
Test Passed.
"LogFileReader 기본 기능 테스트" end time: Jun 28 17:50 KST
"LogFileReader 기본 기능 테스트" time elapsed: 00:00:00
----------------------------------------------------------

3/16 Testing: LogFileReader 순차 읽기 테스트
3/16 Test: LogFileReader 순차 읽기 테스트
Command: "/Users/browoo/Documents/cursorVD/cursor-cpp-training/03-with-tests/build/log_analyzer_tests" "LogFileReader 순차 읽기 테스트"
Directory: /Users/browoo/Documents/cursorVD/cursor-cpp-training/03-with-tests/build
"LogFileReader 순차 읽기 테스트" start time: Jun 28 17:50 KST
Output:
----------------------------------------------------------
Filters: "LogFileReader 순차 읽기 테스트"
Randomness seeded to: 4018196442
===============================================================================
All tests passed (8 assertions in 1 test case)

<end of output>
Test time =   0.01 sec
----------------------------------------------------------
Test Passed.
"LogFileReader 순차 읽기 테스트" end time: Jun 28 17:50 KST
"LogFileReader 순차 읽기 테스트" time elapsed: 00:00:00
----------------------------------------------------------

4/16 Testing: LogFileReader 빈 파일 처리
4/16 Test: LogFileReader 빈 파일 처리
Command: "/Users/browoo/Documents/cursorVD/cursor-cpp-training/03-with-tests/build/log_analyzer_tests" "LogFileReader 빈 파일 처리"
Directory: /Users/browoo/Documents/cursorVD/cursor-cpp-training/03-with-tests/build
"LogFileReader 빈 파일 처리" start time: Jun 28 17:50 KST
Output:
----------------------------------------------------------
Filters: "LogFileReader 빈 파일 처리"
Randomness seeded to: 1357486547
===============================================================================
All tests passed (4 assertions in 1 test case)

<end of output>
Test time =   0.01 sec
----------------------------------------------------------
Test Passed.
"LogFileReader 빈 파일 처리" end time: Jun 28 17:50 KST
"LogFileReader 빈 파일 처리" time elapsed: 00:00:00
----------------------------------------------------------

5/16 Testing: LogFileReader 대용량 파일 시뮬레이션
5/16 Test: LogFileReader 대용량 파일 시뮬레이션
Command: "/Users/browoo/Documents/cursorVD/cursor-cpp-training/03-with-tests/build/log_analyzer_tests" "LogFileReader 대용량 파일 시뮬레이션"
Directory: /Users/browoo/Documents/cursorVD/cursor-cpp-training/03-with-tests/build
"LogFileReader 대용량 파일 시뮬레이션" start time: Jun 28 17:50 KST
Output:
----------------------------------------------------------
Filters: "LogFileReader 대용량 파일 시뮬레이션"
Randomness seeded to: 3577704870
===============================================================================
All tests passed (7 assertions in 1 test case)

<end of output>
Test time =   0.01 sec
----------------------------------------------------------
Test Passed.
"LogFileReader 대용량 파일 시뮬레이션" end time: Jun 28 17:50 KST
"LogFileReader 대용량 파일 시뮬레이션" time elapsed: 00:00:00
----------------------------------------------------------

6/16 Testing: LogParser 기본 기능 테스트
6/16 Test: LogParser 기본 기능 테스트
Command: "/Users/browoo/Documents/cursorVD/cursor-cpp-training/03-with-tests/build/log_analyzer_tests" "LogParser 기본 기능 테스트"
Directory: /Users/browoo/Documents/cursorVD/cursor-cpp-training/03-with-tests/build
"LogParser 기본 기능 테스트" start time: Jun 28 17:50 KST
Output:
----------------------------------------------------------
Filters: "LogParser 기본 기능 테스트"
Randomness seeded to: 159833607
===============================================================================
All tests passed (6 assertions in 1 test case)

<end of output>
Test time =   0.01 sec
----------------------------------------------------------
Test Passed.
"LogParser 기본 기능 테스트" end time: Jun 28 17:50 KST
"LogParser 기본 기능 테스트" time elapsed: 00:00:00
----------------------------------------------------------

7/16 Testing: LogParser 여러 라인 파싱 테스트
7/16 Test: LogParser 여러 라인 파싱 테스트
Command: "/Users/browoo/Documents/cursorVD/cursor-cpp-training/03-with-tests/build/log_analyzer_tests" "LogParser 여러 라인 파싱 테스트"
Directory: /Users/browoo/Documents/cursorVD/cursor-cpp-training/03-with-tests/build
"LogParser 여러 라인 파싱 테스트" start time: Jun 28 17:50 KST
Output:
----------------------------------------------------------
Filters: "LogParser 여러 라인 파싱 테스트"
Randomness seeded to: 4148965816
===============================================================================
All tests passed (5 assertions in 1 test case)

<end of output>
Test time =   0.01 sec
----------------------------------------------------------
Test Passed.
"LogParser 여러 라인 파싱 테스트" end time: Jun 28 17:50 KST
"LogParser 여러 라인 파싱 테스트" time elapsed: 00:00:00
----------------------------------------------------------

8/16 Testing: LogParser 키워드 필터링 테스트
8/16 Test: LogParser 키워드 필터링 테스트
Command: "/Users/browoo/Documents/cursorVD/cursor-cpp-training/03-with-tests/build/log_analyzer_tests" "LogParser 키워드 필터링 테스트"
Directory: /Users/browoo/Documents/cursorVD/cursor-cpp-training/03-with-tests/build
"LogParser 키워드 필터링 테스트" start time: Jun 28 17:50 KST
Output:
----------------------------------------------------------
Filters: "LogParser 키워드 필터링 테스트"
Randomness seeded to: 2464521489
===============================================================================
All tests passed (5 assertions in 1 test case)

<end of output>
Test time =   0.01 sec
----------------------------------------------------------
Test Passed.
"LogParser 키워드 필터링 테스트" end time: Jun 28 17:50 KST
"LogParser 키워드 필터링 테스트" time elapsed: 00:00:00
----------------------------------------------------------

9/16 Testing: LogParser 레벨 필터링 테스트
9/16 Test: LogParser 레벨 필터링 테스트
Command: "/Users/browoo/Documents/cursorVD/cursor-cpp-training/03-with-tests/build/log_analyzer_tests" "LogParser 레벨 필터링 테스트"
Directory: /Users/browoo/Documents/cursorVD/cursor-cpp-training/03-with-tests/build
"LogParser 레벨 필터링 테스트" start time: Jun 28 17:50 KST
Output:
----------------------------------------------------------
Filters: "LogParser 레벨 필터링 테스트"
Randomness seeded to: 1825187668
===============================================================================
All tests passed (6 assertions in 1 test case)

<end of output>
Test time =   0.01 sec
----------------------------------------------------------
Test Passed.
"LogParser 레벨 필터링 테스트" end time: Jun 28 17:50 KST
"LogParser 레벨 필터링 테스트" time elapsed: 00:00:00
----------------------------------------------------------

10/16 Testing: LogParser 문자열 변환 테스트
10/16 Test: LogParser 문자열 변환 테스트
Command: "/Users/browoo/Documents/cursorVD/cursor-cpp-training/03-with-tests/build/log_analyzer_tests" "LogParser 문자열 변환 테스트"
Directory: /Users/browoo/Documents/cursorVD/cursor-cpp-training/03-with-tests/build
"LogParser 문자열 변환 테스트" start time: Jun 28 17:50 KST
Output:
----------------------------------------------------------
Filters: "LogParser 문자열 변환 테스트"
Randomness seeded to: 889789243
===============================================================================
All tests passed (13 assertions in 1 test case)

<end of output>
Test time =   0.01 sec
----------------------------------------------------------
Test Passed.
"LogParser 문자열 변환 테스트" end time: Jun 28 17:50 KST
"LogParser 문자열 변환 테스트" time elapsed: 00:00:00
----------------------------------------------------------

11/16 Testing: LogStats 통계 계산 테스트
11/16 Test: LogStats 통계 계산 테스트
Command: "/Users/browoo/Documents/cursorVD/cursor-cpp-training/03-with-tests/build/log_analyzer_tests" "LogStats 통계 계산 테스트"
Directory: /Users/browoo/Documents/cursorVD/cursor-cpp-training/03-with-tests/build
"LogStats 통계 계산 테스트" start time: Jun 28 17:50 KST
Output:
----------------------------------------------------------
Filters: "LogStats 통계 계산 테스트"
Randomness seeded to: 1571900353
===============================================================================
All tests passed (9 assertions in 1 test case)

<end of output>
Test time =   0.01 sec
----------------------------------------------------------
Test Passed.
"LogStats 통계 계산 테스트" end time: Jun 28 17:50 KST
"LogStats 통계 계산 테스트" time elapsed: 00:00:00
----------------------------------------------------------

12/16 Testing: LogStats JSON 출력 테스트
12/16 Test: LogStats JSON 출력 테스트
Command: "/Users/browoo/Documents/cursorVD/cursor-cpp-training/03-with-tests/build/log_analyzer_tests" "LogStats JSON 출력 테스트"
Directory: /Users/browoo/Documents/cursorVD/cursor-cpp-training/03-with-tests/build
"LogStats JSON 출력 테스트" start time: Jun 28 17:50 KST
Output:
----------------------------------------------------------
Filters: "LogStats JSON 출력 테스트"
Randomness seeded to: 642806056
===============================================================================
All tests passed (7 assertions in 1 test case)

<end of output>
Test time =   0.01 sec
----------------------------------------------------------
Test Passed.
"LogStats JSON 출력 테스트" end time: Jun 28 17:50 KST
"LogStats JSON 출력 테스트" time elapsed: 00:00:00
----------------------------------------------------------

13/16 Testing: LogStats 통계 출력 테스트
13/16 Test: LogStats 통계 출력 테스트
Command: "/Users/browoo/Documents/cursorVD/cursor-cpp-training/03-with-tests/build/log_analyzer_tests" "LogStats 통계 출력 테스트"
Directory: /Users/browoo/Documents/cursorVD/cursor-cpp-training/03-with-tests/build
"LogStats 통계 출력 테스트" start time: Jun 28 17:50 KST
Output:
----------------------------------------------------------
Filters: "LogStats 통계 출력 테스트"
Randomness seeded to: 4099959681
===============================================================================
All tests passed (3 assertions in 1 test case)

<end of output>
Test time =   0.01 sec
----------------------------------------------------------
Test Passed.
"LogStats 통계 출력 테스트" end time: Jun 28 17:50 KST
"LogStats 통계 출력 테스트" time elapsed: 00:00:00
----------------------------------------------------------

14/16 Testing: LogStats 레벨별 엔트리 출력 테스트
14/16 Test: LogStats 레벨별 엔트리 출력 테스트
Command: "/Users/browoo/Documents/cursorVD/cursor-cpp-training/03-with-tests/build/log_analyzer_tests" "LogStats 레벨별 엔트리 출력 테스트"
Directory: /Users/browoo/Documents/cursorVD/cursor-cpp-training/03-with-tests/build
"LogStats 레벨별 엔트리 출력 테스트" start time: Jun 28 17:50 KST
Output:
----------------------------------------------------------
Filters: "LogStats 레벨별 엔트리 출력 테스트"
Randomness seeded to: 865516793
===============================================================================
All tests passed (5 assertions in 1 test case)

<end of output>
Test time =   0.01 sec
----------------------------------------------------------
Test Passed.
"LogStats 레벨별 엔트리 출력 테스트" end time: Jun 28 17:50 KST
"LogStats 레벨별 엔트리 출력 테스트" time elapsed: 00:00:00
----------------------------------------------------------

15/16 Testing: LogStats 키워드 매칭 출력 테스트
15/16 Test: LogStats 키워드 매칭 출력 테스트
Command: "/Users/browoo/Documents/cursorVD/cursor-cpp-training/03-with-tests/build/log_analyzer_tests" "LogStats 키워드 매칭 출력 테스트"
Directory: /Users/browoo/Documents/cursorVD/cursor-cpp-training/03-with-tests/build
"LogStats 키워드 매칭 출력 테스트" start time: Jun 28 17:50 KST
Output:
----------------------------------------------------------
Filters: "LogStats 키워드 매칭 출력 테스트"
Randomness seeded to: 531762410
===============================================================================
All tests passed (6 assertions in 1 test case)

<end of output>
Test time =   0.01 sec
----------------------------------------------------------
Test Passed.
"LogStats 키워드 매칭 출력 테스트" end time: Jun 28 17:50 KST
"LogStats 키워드 매칭 출력 테스트" time elapsed: 00:00:00
----------------------------------------------------------

16/16 Testing: log_analyzer_unit_tests
16/16 Test: log_analyzer_unit_tests
Command: "/Users/browoo/Documents/cursorVD/cursor-cpp-training/03-with-tests/build/log_analyzer_tests"
Directory: /Users/browoo/Documents/cursorVD/cursor-cpp-training/03-with-tests/build
"log_analyzer_unit_tests" start time: Jun 28 17:50 KST
Output:
----------------------------------------------------------
Randomness seeded to: 747236671
파일 검증 실패: 파일이 존재하지 않습니다: /non/existent/file.txt
파일 검증 실패: 파일 경로가 비어있습니다
===============================================================================
All tests passed (95 assertions in 15 test cases)

<end of output>
Test time =   0.01 sec
----------------------------------------------------------
Test Passed.
"log_analyzer_unit_tests" end time: Jun 28 17:50 KST
"log_analyzer_unit_tests" time elapsed: 00:00:00
----------------------------------------------------------

End testing: Jun 28 17:50 KST
